BXJ/proguard.cfg
-dontoptimize
-dontusemixedcaseclassnames
-dontskipnonpubliclibraryclasses
-dontpreverify
-verbose
-ignorewarning
-optimizations !code/simplification/arithmetic,!field/*,!class/merging/*

-keep public class * extends android.app.Activity
-keep public class * extends android.app.Application
-keep public class * extends android.app.Service
-keep public class * extends android.content.BroadcastReceiver
-keep public class * extends android.content.ContentProvider
-keep public class com.android.vending.licensing.ILicensingService
-keep public class com.tencent.map.protocol.**

-keepclasseswithmembers class * {
    native <methods>;
}

-keepclasseswithmembers class * {
    public <init>(android.content.Context, android.util.AttributeSet);
}

-keepclasseswithmembers class * {
    public <init>(android.content.Context, android.util.AttributeSet, int);
}

-keepclassmembers enum * {
    public static **[] values();
    public static ** valueOf(java.lang.String);
}

-keep class * implements android.os.Parcelable {
  public static final android.os.Parcelable$Creator *;
}

-keep public class * extends android.view.View {
    public <init>(android.content.Context);
    public <init>(android.content.Context, android.util.AttributeSet);
    public <init>(android.content.Context, android.util.AttributeSet, int);
    public void set*(...);
}

# This will avoid all the onClick listeners referenced from XML Layouts from being removed
-keepclassmembers class * extends android.app.Activity { 
       public void *(android.view.View); 
}

# remove all logs
-assumenosideeffects class android.util.Log { *; }

-keepclasseswithmembers class * {
    public <init>(android.content.Context, android.util.AttributeSet);
}

-keepclasseswithmembers class * {
    public <init>(android.content.Context, android.util.AttributeSet, int);
}

-keepclassmembers class * implements android.os.Parcelable {
    static android.os.Parcelable$Creator CREATOR;
}

-keepclassmembers class **.R$* {
    public static <fields>;
}

#The below is used for AdsMOGO_Android_SDK_1.4.2 settings
-dontwarn
-libraryjars /libs/AdsMOGO_Android_SDK_1.4.2.jar
-libraryjars /libs/Adwo_Android_SDK4.0.jar
-libraryjars /libs/Baidu_MobAds_SDK_Agg_3.43.jar
-libraryjars /libs/domob_android_sdk_4.1.1.jar
-libraryjars /libs/GoogleAdMobAdsSdk-6.4.1.jar
-libraryjars /libs/adchina_android_sdk_3.0.1.jar

-keep public class com.adsmogo.** {*;} 
-keep public class cc.admore.mobile.ads.lite.** {*;}
-keep public class com.adchina.android.ads.** {*;} 


# for smartmad ad sdk 
-keeppackagenames  cn.smartmad.ads.android 
-keep class  cn.smartmad.ads.android.* {*;}

# for wqmobile ad sdk 
-keeppackagenames com.wqmobile 
-keep class   com.wqmobile.** {*;}


-keepclassmembers class fqcn.of.javascript.interface.for.webview {
   public *;
}

-keep class * implements android.os.Parcelable {
  public static final android.os.Parcelable$Creator *;
}

-libraryjars libs/umeng_sdk.jar
-libraryjars libs/jsoup-1.7.3.jar
-libraryjars libs/android-support-v4.jar
-dontwarn android.support.**
-dontwarn android.**
-dontwarn com.google.**
-dontwarn com.umeng.**

-keep class android.support.**{*;}
-keep class android.** { *; }
-keep class com.google.** { *; }
-keep class org.apache.**{*;}

-keep class android.** { *; }
-keep class com.google.** { *; }
-keep class com.umeng.**{*;}
-keep class com.umeng.**{*;}
-keep class org.jsoup.**{*;}


-keepclassmembers class * implements java.io.Serializable {
	public protected <fields>;
	public protected <methods>;
    static final long serialVersionUID;
    static final java.io.ObjectStreamField[] serialPersistentFields;
    private void writeObject(java.io.ObjectOutputStream);
    private void readObject(java.io.ObjectInputStream);
    java.lang.Object writeReplace();
    java.lang.Object readResolve();
}

-keepclassmembers class * {
   public <init>(org.json.JSONObject);
}

-keep public class com.bxj.R$*{
public static final int *;
}

-keep public class com.umeng.fb.ui.ThreadView {
}