BXJ/proguard/mapping.txt
com.bxj.App -> com.bxj.App:
    android.content.Context applicationContext -> a
    void onCreate() -> onCreate
    void checkConfig() -> c
    void getOnlineValue() -> d
    void initFileDir() -> e
    android.content.Context getContext() -> a
    java.lang.String getVersionName() -> b
com.bxj.AppConstants -> com.bxj.a:
    java.lang.String CONTENT_TYPE -> a
    java.lang.String OFFLINE_DIR -> b
    java.lang.String TYPE_BXJ -> c
    java.lang.String HTML_DIR -> d
    java.lang.String CHARSET -> e
    java.lang.Boolean SETTING_CHANGED -> f
    java.lang.Boolean SETTING_BXJ_LIGHT -> g
    java.lang.Boolean SETTING_MODE_NIGHT -> h
    boolean isNeedRestore -> i
    void initConstants() -> a
com.bxj.AppPreferences -> com.bxj.b:
    android.content.SharedPreferences sPreferences -> a
    boolean getSettingBxjLight() -> a
    boolean setSettingBxjLight(boolean) -> a
    boolean getHasSlidingGuide() -> b
    boolean getSettingModeNight() -> c
    boolean setSettingModeNight(boolean) -> b
    long getLastCheckUpdateTime() -> d
    void setLastCheckUpdateTime() -> e
com.bxj.R -> com.bxj.R:
com.bxj.R$anim -> com.bxj.R$anim:
    int slide_in_from_bottom -> slide_in_from_bottom
    int slide_in_from_top -> slide_in_from_top
    int slide_in_left -> slide_in_left
    int slide_in_right -> slide_in_right
    int slide_out_left -> slide_out_left
    int slide_out_right -> slide_out_right
    int slide_out_to_bottom -> slide_out_to_bottom
    int slide_out_to_top -> slide_out_to_top
com.bxj.R$attr -> com.bxj.R$attr:
    int behindOffset -> behindOffset
    int behindScrollScale -> behindScrollScale
    int behindWidth -> behindWidth
    int content_bg -> content_bg
    int fadeDegree -> fadeDegree
    int fadeEnabled -> fadeEnabled
    int list_divider_bg -> list_divider_bg
    int mode -> mode
    int page_bg -> page_bg
    int ptrAdapterViewBackground -> ptrAdapterViewBackground
    int ptrAnimationStyle -> ptrAnimationStyle
    int ptrDrawable -> ptrDrawable
    int ptrDrawableBottom -> ptrDrawableBottom
    int ptrDrawableEnd -> ptrDrawableEnd
    int ptrDrawableStart -> ptrDrawableStart
    int ptrDrawableTop -> ptrDrawableTop
    int ptrHeaderBackground -> ptrHeaderBackground
    int ptrHeaderSubTextColor -> ptrHeaderSubTextColor
    int ptrHeaderTextAppearance -> ptrHeaderTextAppearance
    int ptrHeaderTextColor -> ptrHeaderTextColor
    int ptrListViewExtrasEnabled -> ptrListViewExtrasEnabled
    int ptrMode -> ptrMode
    int ptrOverScroll -> ptrOverScroll
    int ptrRefreshableViewBackground -> ptrRefreshableViewBackground
    int ptrRotateDrawableWhilePulling -> ptrRotateDrawableWhilePulling
    int ptrScrollingWhileRefreshingEnabled -> ptrScrollingWhileRefreshingEnabled
    int ptrShowIndicator -> ptrShowIndicator
    int ptrSubHeaderTextAppearance -> ptrSubHeaderTextAppearance
    int selectorDrawable -> selectorDrawable
    int selectorEnabled -> selectorEnabled
    int shadowDrawable -> shadowDrawable
...
org.jsoup.select.Evaluator$IndexLessThan -> org.jsoup.select.Evaluator$IndexLessThan:
    boolean matches(org.jsoup.nodes.Element,org.jsoup.nodes.Element) -> matches
    java.lang.String toString() -> toString
org.jsoup.select.Evaluator$IsEmpty -> org.jsoup.select.Evaluator$IsEmpty:
    boolean matches(org.jsoup.nodes.Element,org.jsoup.nodes.Element) -> matches
    java.lang.String toString() -> toString
org.jsoup.select.Evaluator$IsFirstChild -> org.jsoup.select.Evaluator$IsFirstChild:
    boolean matches(org.jsoup.nodes.Element,org.jsoup.nodes.Element) -> matches
    java.lang.String toString() -> toString
org.jsoup.select.Evaluator$IsFirstOfType -> org.jsoup.select.Evaluator$IsFirstOfType:
    java.lang.String toString() -> toString
org.jsoup.select.Evaluator$IsLastChild -> org.jsoup.select.Evaluator$IsLastChild:
    boolean matches(org.jsoup.nodes.Element,org.jsoup.nodes.Element) -> matches
    java.lang.String toString() -> toString
org.jsoup.select.Evaluator$IsLastOfType -> org.jsoup.select.Evaluator$IsLastOfType:
    java.lang.String toString() -> toString
org.jsoup.select.Evaluator$IsNthChild -> org.jsoup.select.Evaluator$IsNthChild:
    int calculatePosition(org.jsoup.nodes.Element,org.jsoup.nodes.Element) -> calculatePosition
    java.lang.String getPseudoClass() -> getPseudoClass
org.jsoup.select.Evaluator$IsNthLastChild -> org.jsoup.select.Evaluator$IsNthLastChild:
    int calculatePosition(org.jsoup.nodes.Element,org.jsoup.nodes.Element) -> calculatePosition
    java.lang.String getPseudoClass() -> getPseudoClass
org.jsoup.select.Evaluator$IsNthLastOfType -> org.jsoup.select.Evaluator$IsNthLastOfType:
    int calculatePosition(org.jsoup.nodes.Element,org.jsoup.nodes.Element) -> calculatePosition
    java.lang.String getPseudoClass() -> getPseudoClass
org.jsoup.select.Evaluator$IsNthOfType -> org.jsoup.select.Evaluator$IsNthOfType:
    int calculatePosition(org.jsoup.nodes.Element,org.jsoup.nodes.Element) -> calculatePosition
    java.lang.String getPseudoClass() -> getPseudoClass
org.jsoup.select.Evaluator$IsOnlyChild -> org.jsoup.select.Evaluator$IsOnlyChild:
    boolean matches(org.jsoup.nodes.Element,org.jsoup.nodes.Element) -> matches
    java.lang.String toString() -> toString
org.jsoup.select.Evaluator$IsOnlyOfType -> org.jsoup.select.Evaluator$IsOnlyOfType:
    boolean matches(org.jsoup.nodes.Element,org.jsoup.nodes.Element) -> matches
    java.lang.String toString() -> toString
org.jsoup.select.Evaluator$IsRoot -> org.jsoup.select.Evaluator$IsRoot:
    boolean matches(org.jsoup.nodes.Element,org.jsoup.nodes.Element) -> matches
    java.lang.String toString() -> toString
org.jsoup.select.Evaluator$Matches -> org.jsoup.select.Evaluator$Matches:
    java.util.regex.Pattern pattern -> pattern
    boolean matches(org.jsoup.nodes.Element,org.jsoup.nodes.Element) -> matches
    java.lang.String toString() -> toString
org.jsoup.select.Evaluator$MatchesOwn -> org.jsoup.select.Evaluator$MatchesOwn:
    java.util.regex.Pattern pattern -> pattern
    boolean matches(org.jsoup.nodes.Element,org.jsoup.nodes.Element) -> matches
    java.lang.String toString() -> toString
org.jsoup.select.Evaluator$Tag -> org.jsoup.select.Evaluator$Tag:
    java.lang.String tagName -> tagName
    boolean matches(org.jsoup.nodes.Element,org.jsoup.nodes.Element) -> matches
    java.lang.String toString() -> toString
org.jsoup.select.NodeTraversor -> org.jsoup.select.NodeTraversor:
    org.jsoup.select.NodeVisitor visitor -> visitor
    void traverse(org.jsoup.nodes.Node) -> traverse
org.jsoup.select.NodeVisitor -> org.jsoup.select.NodeVisitor:
    void head(org.jsoup.nodes.Node,int) -> head
    void tail(org.jsoup.nodes.Node,int) -> tail